<?xml version="1.0" encoding="UTF-8"?>
<testsuite name="tests.LoginTest" tests="12" skipped="0" failures="0" errors="0" timestamp="2021-08-19T19:50:43" hostname="LAPTOP-VN4HCI1U" time="33.537">
  <properties/>
  <testcase name="loginTestBase" classname="tests.LoginTest" time="1.228"/>
  <testcase name="loginTestDP_CSV[0](User{email='noa@gmail.com', password='Nnoa12345$'})" classname="tests.LoginTest" time="0.647"/>
  <testcase name="loginTestDP_CSV[1](User{email='noa@gmail.com', password='Nnoa12345$'})" classname="tests.LoginTest" time="0.667"/>
  <testcase name="loginTestDP_CSV[2](User{email='noa@gmail.com', password='Nnoa12345$'})" classname="tests.LoginTest" time="0.673"/>
  <testcase name="loginTestDataProvider[0](noa@gmail.com, Nnoa12345$)" classname="tests.LoginTest" time="2.511"/>
  <testcase name="loginTestDataProvider[1](sonya@gmail.com, Ss12345$)" classname="tests.LoginTest" time="2.54"/>
  <testcase name="loginTestDataProvider[2](noa@gmail.com, Nnoa12345$)" classname="tests.LoginTest" time="2.513"/>
  <testcase name="loginTestDataProviderClass[0](noa@gmail.com, Nnoa12345$)" classname="tests.LoginTest" time="2.528"/>
  <testcase name="loginTestDataProviderClass[1](sonya@gmail.com, Ss12345$)" classname="tests.LoginTest" time="2.498"/>
  <testcase name="loginTestDataProviderClass[2](noa@gmail.com, Nnoa12345$)" classname="tests.LoginTest" time="2.533"/>
  <testcase name="loginTestPositiveNewContact" classname="tests.LoginTest" time="2.532"/>
  <testcase name="loginTestWithWrongPassword" classname="tests.LoginTest" time="11.023"/>
  <system-out><![CDATA[22:50:33.312  INFO  tests.TestBase - Start method -->loginTestBase
22:50:33.314  INFO  tests.TestBase - Test Start with Data -->[]
22:50:33.314  INFO  tests.TestBase - ==================================================================
22:50:33.317  INFO  manager.MyListener - Start find element by -->By.xpath: //button[text()='Sign Out']
22:50:43.351  INFO  manager.MyListener - The element -->By.xpath: //button[text()='Sign Out']was found
22:50:43.352  INFO  manager.MyListener - Start find element by -->By.xpath: //a[.='LOGIN']
22:50:43.384  INFO  manager.MyListener - The element -->By.xpath: //a[.='LOGIN']was found
22:50:43.496  INFO  manager.MyListener - Start find element by -->By.xpath: //input[1]
22:50:43.525  INFO  manager.MyListener - The element -->By.xpath: //input[1]was found
22:50:43.706  INFO  manager.MyListener - Start find element by -->By.xpath: //input[2]
22:50:43.723  INFO  manager.MyListener - The element -->By.xpath: //input[2]was found
22:50:43.902  INFO  manager.MyListener - Start find element by -->By.xpath: //button[1]
22:50:43.928  INFO  manager.MyListener - The element -->By.xpath: //button[1]was found
22:50:43.993  INFO  manager.MyListener - Start find element by -->By.xpath: //button[text()='Sign Out']
22:50:44.573  INFO  manager.MyListener - The element -->By.xpath: //button[text()='Sign Out']was found
22:50:44.585  INFO  tests.TestBase - End of method -->loginTestBase
22:50:44.599  INFO  tests.TestBase - Start method -->loginTestDP_CSV
22:50:44.611  INFO  tests.TestBase - Test Start with Data -->[User{email='noa@gmail.com', password='Nnoa12345$'}]
22:50:44.612  INFO  tests.TestBase - ==================================================================
22:50:44.613  INFO  manager.MyListener - Start find element by -->By.xpath: //button[text()='Sign Out']
22:50:44.636  INFO  manager.MyListener - The element -->By.xpath: //button[text()='Sign Out']was found
22:50:44.641  INFO  manager.MyListener - Start find element by -->By.xpath: //button[text()='Sign Out']
22:50:44.674  INFO  manager.MyListener - The element -->By.xpath: //button[text()='Sign Out']was found
22:50:44.737  INFO  manager.MyListener - Start find element by -->By.xpath: //button[text()='Sign Out']
22:50:44.765  INFO  manager.MyListener - The element -->By.xpath: //button[text()='Sign Out']was found
22:50:44.839  INFO  manager.MyListener - Start find element by -->By.xpath: //a[.='LOGIN']
22:50:44.870  INFO  manager.MyListener - The element -->By.xpath: //a[.='LOGIN']was found
22:50:44.930  INFO  manager.MyListener - Start find element by -->By.xpath: //input[1]
22:50:44.947  INFO  manager.MyListener - The element -->By.xpath: //input[1]was found
22:50:45.093  INFO  manager.MyListener - Start find element by -->By.xpath: //input[2]
22:50:45.118  INFO  manager.MyListener - The element -->By.xpath: //input[2]was found
22:50:45.282  INFO  manager.MyListener - Start find element by -->By.xpath: //button[1]
22:50:45.302  INFO  manager.MyListener - The element -->By.xpath: //button[1]was found
22:50:45.351  INFO  manager.MyListener - Start find element by -->By.xpath: //button[text()='Sign Out']
22:50:45.486  INFO  manager.MyListener - The element -->By.xpath: //button[text()='Sign Out']was found
22:50:45.487  INFO  tests.TestBase - End of method -->loginTestDP_CSV
22:50:45.488  INFO  tests.TestBase - Start method -->loginTestDP_CSV
22:50:45.488  INFO  tests.TestBase - Test Start with Data -->[User{email='noa@gmail.com', password='Nnoa12345$'}]
22:50:45.488  INFO  tests.TestBase - ==================================================================
22:50:45.489  INFO  manager.MyListener - Start find element by -->By.xpath: //button[text()='Sign Out']
22:50:45.504  INFO  manager.MyListener - The element -->By.xpath: //button[text()='Sign Out']was found
22:50:45.505  INFO  manager.MyListener - Start find element by -->By.xpath: //button[text()='Sign Out']
22:50:45.520  INFO  manager.MyListener - The element -->By.xpath: //button[text()='Sign Out']was found
22:50:45.561  INFO  manager.MyListener - Start find element by -->By.xpath: //button[text()='Sign Out']
22:50:45.583  INFO  manager.MyListener - The element -->By.xpath: //button[text()='Sign Out']was found
22:50:45.639  INFO  manager.MyListener - Start find element by -->By.xpath: //a[.='LOGIN']
22:50:45.663  INFO  manager.MyListener - The element -->By.xpath: //a[.='LOGIN']was found
22:50:45.727  INFO  manager.MyListener - Start find element by -->By.xpath: //input[1]
22:50:45.752  INFO  manager.MyListener - The element -->By.xpath: //input[1]was found
22:50:45.929  INFO  manager.MyListener - Start find element by -->By.xpath: //input[2]
22:50:45.955  INFO  manager.MyListener - The element -->By.xpath: //input[2]was found
22:50:46.106  INFO  manager.MyListener - Start find element by -->By.xpath: //button[1]
22:50:46.126  INFO  manager.MyListener - The element -->By.xpath: //button[1]was found
22:50:46.173  INFO  manager.MyListener - Start find element by -->By.xpath: //button[text()='Sign Out']
22:50:46.305  INFO  manager.MyListener - The element -->By.xpath: //button[text()='Sign Out']was found
22:50:46.307  INFO  tests.TestBase - End of method -->loginTestDP_CSV
22:50:46.308  INFO  tests.TestBase - Start method -->loginTestDP_CSV
22:50:46.308  INFO  tests.TestBase - Test Start with Data -->[User{email='noa@gmail.com', password='Nnoa12345$'}]
22:50:46.308  INFO  tests.TestBase - ==================================================================
22:50:46.309  INFO  manager.MyListener - Start find element by -->By.xpath: //button[text()='Sign Out']
22:50:46.324  INFO  manager.MyListener - The element -->By.xpath: //button[text()='Sign Out']was found
22:50:46.324  INFO  manager.MyListener - Start find element by -->By.xpath: //button[text()='Sign Out']
22:50:46.340  INFO  manager.MyListener - The element -->By.xpath: //button[text()='Sign Out']was found
22:50:46.374  INFO  manager.MyListener - Start find element by -->By.xpath: //button[text()='Sign Out']
22:50:46.388  INFO  manager.MyListener - The element -->By.xpath: //button[text()='Sign Out']was found
22:50:46.442  INFO  manager.MyListener - Start find element by -->By.xpath: //a[.='LOGIN']
22:50:46.465  INFO  manager.MyListener - The element -->By.xpath: //a[.='LOGIN']was found
22:50:46.526  INFO  manager.MyListener - Start find element by -->By.xpath: //input[1]
22:50:46.554  INFO  manager.MyListener - The element -->By.xpath: //input[1]was found
22:50:46.712  INFO  manager.MyListener - Start find element by -->By.xpath: //input[2]
22:50:46.739  INFO  manager.MyListener - The element -->By.xpath: //input[2]was found
22:50:46.906  INFO  manager.MyListener - Start find element by -->By.xpath: //button[1]
22:50:46.928  INFO  manager.MyListener - The element -->By.xpath: //button[1]was found
22:50:46.978  INFO  manager.MyListener - Start find element by -->By.xpath: //button[text()='Sign Out']
22:50:47.115  INFO  manager.MyListener - The element -->By.xpath: //button[text()='Sign Out']was found
22:50:47.116  INFO  tests.TestBase - End of method -->loginTestDP_CSV
22:50:47.118  INFO  tests.TestBase - Start method -->loginTestDataProvider
22:50:47.118  INFO  tests.TestBase - Test Start with Data -->[noa@gmail.com, Nnoa12345$]
22:50:47.118  INFO  tests.TestBase - ==================================================================
22:50:47.119  INFO  manager.MyListener - Start find element by -->By.xpath: //button[text()='Sign Out']
22:50:47.143  INFO  manager.MyListener - The element -->By.xpath: //button[text()='Sign Out']was found
22:50:47.144  INFO  manager.MyListener - Start find element by -->By.xpath: //button[text()='Sign Out']
22:50:47.158  INFO  manager.MyListener - The element -->By.xpath: //button[text()='Sign Out']was found
22:50:47.180  INFO  manager.MyListener - Start find element by -->By.xpath: //button[text()='Sign Out']
22:50:47.207  INFO  manager.MyListener - The element -->By.xpath: //button[text()='Sign Out']was found
22:50:47.260  INFO  manager.MyListener - Start find element by -->By.xpath: //a[.='LOGIN']
22:50:47.289  INFO  manager.MyListener - The element -->By.xpath: //a[.='LOGIN']was found
22:50:47.352  INFO  manager.MyListener - Start find element by -->By.xpath: //input[1]
22:50:47.367  INFO  manager.MyListener - The element -->By.xpath: //input[1]was found
22:50:47.508  INFO  manager.MyListener - Start find element by -->By.xpath: //input[2]
22:50:47.519  INFO  manager.MyListener - The element -->By.xpath: //input[2]was found
22:50:47.677  INFO  manager.MyListener - Start find element by -->By.xpath: //button[1]
22:50:47.688  INFO  manager.MyListener - The element -->By.xpath: //button[1]was found
22:50:49.745  INFO  manager.MyListener - Start find element by -->By.xpath: //button[text()='Sign Out']
22:50:49.769  INFO  manager.MyListener - The element -->By.xpath: //button[text()='Sign Out']was found
22:50:49.771  INFO  tests.TestBase - End of method -->loginTestDataProvider
22:50:49.773  INFO  tests.TestBase - Start method -->loginTestDataProvider
22:50:49.773  INFO  tests.TestBase - Test Start with Data -->[sonya@gmail.com, Ss12345$]
22:50:49.773  INFO  tests.TestBase - ==================================================================
22:50:49.773  INFO  manager.MyListener - Start find element by -->By.xpath: //button[text()='Sign Out']
22:50:49.798  INFO  manager.MyListener - The element -->By.xpath: //button[text()='Sign Out']was found
22:50:49.799  INFO  manager.MyListener - Start find element by -->By.xpath: //button[text()='Sign Out']
22:50:49.814  INFO  manager.MyListener - The element -->By.xpath: //button[text()='Sign Out']was found
22:50:49.848  INFO  manager.MyListener - Start find element by -->By.xpath: //button[text()='Sign Out']
22:50:49.860  INFO  manager.MyListener - The element -->By.xpath: //button[text()='Sign Out']was found
22:50:49.928  INFO  manager.MyListener - Start find element by -->By.xpath: //a[.='LOGIN']
22:50:49.956  INFO  manager.MyListener - The element -->By.xpath: //a[.='LOGIN']was found
22:50:50.017  INFO  manager.MyListener - Start find element by -->By.xpath: //input[1]
22:50:50.032  INFO  manager.MyListener - The element -->By.xpath: //input[1]was found
22:50:50.194  INFO  manager.MyListener - Start find element by -->By.xpath: //input[2]
22:50:50.214  INFO  manager.MyListener - The element -->By.xpath: //input[2]was found
22:50:50.370  INFO  manager.MyListener - Start find element by -->By.xpath: //button[1]
22:50:50.385  INFO  manager.MyListener - The element -->By.xpath: //button[1]was found
22:50:52.444  INFO  manager.MyListener - Start find element by -->By.xpath: //button[text()='Sign Out']
22:50:52.468  INFO  manager.MyListener - The element -->By.xpath: //button[text()='Sign Out']was found
22:50:52.469  INFO  tests.TestBase - End of method -->loginTestDataProvider
22:50:52.469  INFO  tests.TestBase - Start method -->loginTestDataProvider
22:50:52.470  INFO  tests.TestBase - Test Start with Data -->[noa@gmail.com, Nnoa12345$]
22:50:52.470  INFO  tests.TestBase - ==================================================================
22:50:52.470  INFO  manager.MyListener - Start find element by -->By.xpath: //button[text()='Sign Out']
22:50:52.486  INFO  manager.MyListener - The element -->By.xpath: //button[text()='Sign Out']was found
22:50:52.486  INFO  manager.MyListener - Start find element by -->By.xpath: //button[text()='Sign Out']
22:50:52.499  INFO  manager.MyListener - The element -->By.xpath: //button[text()='Sign Out']was found
22:50:52.534  INFO  manager.MyListener - Start find element by -->By.xpath: //button[text()='Sign Out']
22:50:52.559  INFO  manager.MyListener - The element -->By.xpath: //button[text()='Sign Out']was found
22:50:52.619  INFO  manager.MyListener - Start find element by -->By.xpath: //a[.='LOGIN']
22:50:52.640  INFO  manager.MyListener - The element -->By.xpath: //a[.='LOGIN']was found
22:50:52.687  INFO  manager.MyListener - Start find element by -->By.xpath: //input[1]
22:50:52.702  INFO  manager.MyListener - The element -->By.xpath: //input[1]was found
22:50:52.860  INFO  manager.MyListener - Start find element by -->By.xpath: //input[2]
22:50:52.886  INFO  manager.MyListener - The element -->By.xpath: //input[2]was found
22:50:53.026  INFO  manager.MyListener - Start find element by -->By.xpath: //button[1]
22:50:53.040  INFO  manager.MyListener - The element -->By.xpath: //button[1]was found
22:50:55.106  INFO  manager.MyListener - Start find element by -->By.xpath: //button[text()='Sign Out']
22:50:55.131  INFO  manager.MyListener - The element -->By.xpath: //button[text()='Sign Out']was found
22:50:55.132  INFO  tests.TestBase - End of method -->loginTestDataProvider
22:50:55.134  INFO  tests.TestBase - Start method -->loginTestDataProviderClass
22:50:55.134  INFO  tests.TestBase - Test Start with Data -->[noa@gmail.com, Nnoa12345$]
22:50:55.134  INFO  tests.TestBase - ==================================================================
22:50:55.134  INFO  manager.MyListener - Start find element by -->By.xpath: //button[text()='Sign Out']
22:50:55.161  INFO  manager.MyListener - The element -->By.xpath: //button[text()='Sign Out']was found
22:50:55.162  INFO  manager.MyListener - Start find element by -->By.xpath: //button[text()='Sign Out']
22:50:55.176  INFO  manager.MyListener - The element -->By.xpath: //button[text()='Sign Out']was found
22:50:55.197  INFO  manager.MyListener - Start find element by -->By.xpath: //button[text()='Sign Out']
22:50:55.222  INFO  manager.MyListener - The element -->By.xpath: //button[text()='Sign Out']was found
22:50:55.278  INFO  manager.MyListener - Start find element by -->By.xpath: //a[.='LOGIN']
22:50:55.308  INFO  manager.MyListener - The element -->By.xpath: //a[.='LOGIN']was found
22:50:55.362  INFO  manager.MyListener - Start find element by -->By.xpath: //input[1]
22:50:55.378  INFO  manager.MyListener - The element -->By.xpath: //input[1]was found
22:50:55.538  INFO  manager.MyListener - Start find element by -->By.xpath: //input[2]
22:50:55.562  INFO  manager.MyListener - The element -->By.xpath: //input[2]was found
22:50:55.699  INFO  manager.MyListener - Start find element by -->By.xpath: //button[1]
22:50:55.718  INFO  manager.MyListener - The element -->By.xpath: //button[1]was found
22:50:57.780  INFO  manager.MyListener - Start find element by -->By.xpath: //button[text()='Sign Out']
22:50:57.805  INFO  manager.MyListener - The element -->By.xpath: //button[text()='Sign Out']was found
22:50:57.806  INFO  tests.TestBase - End of method -->loginTestDataProviderClass
22:50:57.807  INFO  tests.TestBase - Start method -->loginTestDataProviderClass
22:50:57.807  INFO  tests.TestBase - Test Start with Data -->[sonya@gmail.com, Ss12345$]
22:50:57.807  INFO  tests.TestBase - ==================================================================
22:50:57.807  INFO  manager.MyListener - Start find element by -->By.xpath: //button[text()='Sign Out']
22:50:57.818  INFO  manager.MyListener - The element -->By.xpath: //button[text()='Sign Out']was found
22:50:57.818  INFO  manager.MyListener - Start find element by -->By.xpath: //button[text()='Sign Out']
22:50:57.834  INFO  manager.MyListener - The element -->By.xpath: //button[text()='Sign Out']was found
22:50:57.854  INFO  manager.MyListener - Start find element by -->By.xpath: //button[text()='Sign Out']
22:50:57.866  INFO  manager.MyListener - The element -->By.xpath: //button[text()='Sign Out']was found
22:50:57.927  INFO  manager.MyListener - Start find element by -->By.xpath: //a[.='LOGIN']
22:50:57.948  INFO  manager.MyListener - The element -->By.xpath: //a[.='LOGIN']was found
22:50:57.999  INFO  manager.MyListener - Start find element by -->By.xpath: //input[1]
22:50:58.023  INFO  manager.MyListener - The element -->By.xpath: //input[1]was found
22:50:58.171  INFO  manager.MyListener - Start find element by -->By.xpath: //input[2]
22:50:58.193  INFO  manager.MyListener - The element -->By.xpath: //input[2]was found
22:50:58.325  INFO  manager.MyListener - Start find element by -->By.xpath: //button[1]
22:50:58.345  INFO  manager.MyListener - The element -->By.xpath: //button[1]was found
22:51:00.399  INFO  manager.MyListener - Start find element by -->By.xpath: //button[text()='Sign Out']
22:51:00.424  INFO  manager.MyListener - The element -->By.xpath: //button[text()='Sign Out']was found
22:51:00.426  INFO  tests.TestBase - End of method -->loginTestDataProviderClass
22:51:00.427  INFO  tests.TestBase - Start method -->loginTestDataProviderClass
22:51:00.427  INFO  tests.TestBase - Test Start with Data -->[noa@gmail.com, Nnoa12345$]
22:51:00.427  INFO  tests.TestBase - ==================================================================
22:51:00.427  INFO  manager.MyListener - Start find element by -->By.xpath: //button[text()='Sign Out']
22:51:00.439  INFO  manager.MyListener - The element -->By.xpath: //button[text()='Sign Out']was found
22:51:00.439  INFO  manager.MyListener - Start find element by -->By.xpath: //button[text()='Sign Out']
22:51:00.455  INFO  manager.MyListener - The element -->By.xpath: //button[text()='Sign Out']was found
22:51:00.474  INFO  manager.MyListener - Start find element by -->By.xpath: //button[text()='Sign Out']
22:51:00.486  INFO  manager.MyListener - The element -->By.xpath: //button[text()='Sign Out']was found
22:51:00.548  INFO  manager.MyListener - Start find element by -->By.xpath: //a[.='LOGIN']
22:51:00.565  INFO  manager.MyListener - The element -->By.xpath: //a[.='LOGIN']was found
22:51:00.613  INFO  manager.MyListener - Start find element by -->By.xpath: //input[1]
22:51:00.639  INFO  manager.MyListener - The element -->By.xpath: //input[1]was found
22:51:00.802  INFO  manager.MyListener - Start find element by -->By.xpath: //input[2]
22:51:00.826  INFO  manager.MyListener - The element -->By.xpath: //input[2]was found
22:51:00.984  INFO  manager.MyListener - Start find element by -->By.xpath: //button[1]
22:51:00.998  INFO  manager.MyListener - The element -->By.xpath: //button[1]was found
22:51:03.057  INFO  manager.MyListener - Start find element by -->By.xpath: //button[text()='Sign Out']
22:51:03.081  INFO  manager.MyListener - The element -->By.xpath: //button[text()='Sign Out']was found
22:51:03.082  INFO  tests.TestBase - End of method -->loginTestDataProviderClass
22:51:03.083  INFO  tests.TestBase - Start method -->loginTestPositiveNewContact
22:51:03.083  INFO  tests.TestBase - Test Start with Data -->[]
22:51:03.083  INFO  tests.TestBase - ==================================================================
22:51:03.084  INFO  manager.MyListener - Start find element by -->By.xpath: //button[text()='Sign Out']
22:51:03.096  INFO  manager.MyListener - The element -->By.xpath: //button[text()='Sign Out']was found
22:51:03.096  INFO  manager.MyListener - Start find element by -->By.xpath: //button[text()='Sign Out']
22:51:03.112  INFO  manager.MyListener - The element -->By.xpath: //button[text()='Sign Out']was found
22:51:03.131  INFO  manager.MyListener - Start find element by -->By.xpath: //button[text()='Sign Out']
22:51:03.144  INFO  manager.MyListener - The element -->By.xpath: //button[text()='Sign Out']was found
22:51:03.203  INFO  manager.MyListener - Start find element by -->By.xpath: //a[.='LOGIN']
22:51:03.225  INFO  manager.MyListener - The element -->By.xpath: //a[.='LOGIN']was found
22:51:03.269  INFO  manager.MyListener - Start find element by -->By.xpath: //input[@placeholder='Email']
22:51:03.290  INFO  manager.MyListener - The element -->By.xpath: //input[@placeholder='Email']was found
22:51:03.459  INFO  manager.MyListener - Start find element by -->By.xpath: //input[@placeholder='Password']
22:51:03.474  INFO  manager.MyListener - The element -->By.xpath: //input[@placeholder='Password']was found
22:51:03.613  INFO  manager.MyListener - Start find element by -->By.xpath: //button[.=' Login']
22:51:03.635  INFO  manager.MyListener - The element -->By.xpath: //button[.=' Login']was found
22:51:05.690  INFO  manager.MyListener - Start find element by -->By.xpath: //a[.='ADD']
22:51:05.719  INFO  manager.MyListener - The element -->By.xpath: //a[.='ADD']was found
22:51:05.736  INFO  tests.TestBase - End of method -->loginTestPositiveNewContact
22:51:05.737  INFO  tests.TestBase - Start method -->loginTestWithWrongPassword
22:51:05.737  INFO  tests.TestBase - Test Start with Data -->[]
22:51:05.737  INFO  tests.TestBase - ==================================================================
22:51:05.738  INFO  manager.MyListener - Start find element by -->By.xpath: //button[text()='Sign Out']
22:51:05.760  INFO  manager.MyListener - The element -->By.xpath: //button[text()='Sign Out']was found
22:51:05.760  INFO  manager.MyListener - Start find element by -->By.xpath: //button[text()='Sign Out']
22:51:05.775  INFO  manager.MyListener - The element -->By.xpath: //button[text()='Sign Out']was found
22:51:05.794  INFO  manager.MyListener - Start find element by -->By.xpath: //button[text()='Sign Out']
22:51:05.806  INFO  manager.MyListener - The element -->By.xpath: //button[text()='Sign Out']was found
22:51:05.865  INFO  manager.MyListener - Start find element by -->By.xpath: //a[.='LOGIN']
22:51:05.888  INFO  manager.MyListener - The element -->By.xpath: //a[.='LOGIN']was found
22:51:05.938  INFO  manager.MyListener - Start find element by -->By.xpath: //input[1]
22:51:05.965  INFO  manager.MyListener - The element -->By.xpath: //input[1]was found
22:51:06.106  INFO  manager.MyListener - Start find element by -->By.xpath: //input[2]
22:51:06.118  INFO  manager.MyListener - The element -->By.xpath: //input[2]was found
22:51:06.256  INFO  manager.MyListener - Start find element by -->By.xpath: //button[1]
22:51:06.273  INFO  manager.MyListener - The element -->By.xpath: //button[1]was found
22:51:06.871  INFO  manager.MyListener - Start find element by -->By.xpath: //button[text()='Sign Out']
22:51:16.888  INFO  manager.MyListener - The element -->By.xpath: //button[text()='Sign Out']was found
22:51:16.889  INFO  tests.TestBase - End of method -->loginTestWithWrongPassword
]]></system-out>
  <system-err><![CDATA[]]></system-err>
</testsuite>
