<?xml version="1.0" encoding="UTF-8"?>
<testsuite name="tests.AddContactTest" tests="5" skipped="0" failures="0" errors="0" timestamp="2021-08-19T10:33:37" hostname="LAPTOP-VN4HCI1U" time="5.817">
  <properties/>
  <testcase name="addContactTestBase" classname="tests.AddContactTest" time="1.175"/>
  <testcase name="addContactTestBase" classname="tests.AddContactTest" time="1.137"/>
  <testcase name="addContactTestBase" classname="tests.AddContactTest" time="1.111"/>
  <testcase name="addContactTestBase" classname="tests.AddContactTest" time="1.166"/>
  <testcase name="addContactTestBase" classname="tests.AddContactTest" time="1.154"/>
  <system-out><![CDATA[13:33:25.214  INFO  tests.TestBase - Start method -->addContactTestBase
13:33:25.215  INFO  tests.TestBase - Test Start with Data -->[]
13:33:25.215  INFO  tests.TestBase - ==================================================================
13:33:25.216  INFO  manager.MyListener - Start find element by -->By.xpath: //button[text()='Sign Out']
13:33:35.245  INFO  manager.MyListener - The element -->By.xpath: //button[text()='Sign Out']was found
13:33:35.246  INFO  manager.MyListener - Start find element by -->By.xpath: //a[.='LOGIN']
13:33:35.260  INFO  manager.MyListener - The element -->By.xpath: //a[.='LOGIN']was found
13:33:35.314  INFO  manager.MyListener - Start find element by -->By.xpath: //input[1]
13:33:35.339  INFO  manager.MyListener - The element -->By.xpath: //input[1]was found
13:33:35.452  INFO  manager.MyListener - Start find element by -->By.xpath: //input[2]
13:33:35.479  INFO  manager.MyListener - The element -->By.xpath: //input[2]was found
13:33:35.584  INFO  manager.MyListener - Start find element by -->By.xpath: //button[1]
13:33:35.600  INFO  manager.MyListener - The element -->By.xpath: //button[1]was found
13:33:37.642  INFO  manager.MyListener - Start find element by -->By.xpath: //a[.='ADD']
13:33:37.661  INFO  manager.MyListener - The element -->By.xpath: //a[.='ADD']was found
13:33:37.700  INFO  manager.MyListener - Start find element by -->By.cssSelector: [placeholder='Name']
13:33:37.724  INFO  manager.MyListener - The element -->By.cssSelector: [placeholder='Name']was found
13:33:37.827  INFO  manager.MyListener - Start find element by -->By.cssSelector: [placeholder='Last Name']
13:33:37.848  INFO  manager.MyListener - The element -->By.cssSelector: [placeholder='Last Name']was found
13:33:37.935  INFO  manager.MyListener - Start find element by -->By.cssSelector: [placeholder='Phone']
13:33:37.955  INFO  manager.MyListener - The element -->By.cssSelector: [placeholder='Phone']was found
13:33:38.046  INFO  manager.MyListener - Start find element by -->By.cssSelector: [placeholder='email']
13:33:38.063  INFO  manager.MyListener - The element -->By.cssSelector: [placeholder='email']was found
13:33:38.155  INFO  manager.MyListener - Start find element by -->By.cssSelector: [placeholder='Address']
13:33:38.170  INFO  manager.MyListener - The element -->By.cssSelector: [placeholder='Address']was found
13:33:38.259  INFO  manager.MyListener - Start find element by -->By.cssSelector: [placeholder='description']
13:33:38.278  INFO  manager.MyListener - The element -->By.cssSelector: [placeholder='description']was found
13:33:38.369  INFO  manager.MyListener - Start find element by -->By.xpath: //button/b
13:33:38.388  INFO  manager.MyListener - The element -->By.xpath: //button/bwas found
13:33:38.419  INFO  manager.MyListener - Start find element by -->By.xpath: //h3
13:33:38.743  INFO  manager.MyListener - The element -->By.xpath: //h3was found
1234201713:33:38.815  INFO  tests.TestBase - End of method -->addContactTestBase
13:33:38.815  INFO  tests.TestBase - Start method -->addContactTestBase
13:33:38.815  INFO  tests.TestBase - Test Start with Data -->[]
13:33:38.815  INFO  tests.TestBase - ==================================================================
13:33:38.816  INFO  manager.MyListener - Start find element by -->By.xpath: //button[text()='Sign Out']
13:33:38.836  INFO  manager.MyListener - The element -->By.xpath: //button[text()='Sign Out']was found
13:33:38.837  INFO  manager.MyListener - Start find element by -->By.xpath: //a[.='ADD']
13:33:38.851  INFO  manager.MyListener - The element -->By.xpath: //a[.='ADD']was found
13:33:38.883  INFO  manager.MyListener - Start find element by -->By.cssSelector: [placeholder='Name']
13:33:38.899  INFO  manager.MyListener - The element -->By.cssSelector: [placeholder='Name']was found
13:33:39.005  INFO  manager.MyListener - Start find element by -->By.cssSelector: [placeholder='Last Name']
13:33:39.021  INFO  manager.MyListener - The element -->By.cssSelector: [placeholder='Last Name']was found
13:33:39.128  INFO  manager.MyListener - Start find element by -->By.cssSelector: [placeholder='Phone']
13:33:39.147  INFO  manager.MyListener - The element -->By.cssSelector: [placeholder='Phone']was found
13:33:39.256  INFO  manager.MyListener - Start find element by -->By.cssSelector: [placeholder='email']
13:33:39.273  INFO  manager.MyListener - The element -->By.cssSelector: [placeholder='email']was found
13:33:39.369  INFO  manager.MyListener - Start find element by -->By.cssSelector: [placeholder='Address']
13:33:39.380  INFO  manager.MyListener - The element -->By.cssSelector: [placeholder='Address']was found
13:33:39.472  INFO  manager.MyListener - Start find element by -->By.cssSelector: [placeholder='description']
13:33:39.490  INFO  manager.MyListener - The element -->By.cssSelector: [placeholder='description']was found
13:33:39.581  INFO  manager.MyListener - Start find element by -->By.xpath: //button/b
13:33:39.598  INFO  manager.MyListener - The element -->By.xpath: //button/bwas found
13:33:39.631  INFO  manager.MyListener - Start find element by -->By.xpath: //h3
13:33:39.891  INFO  manager.MyListener - The element -->By.xpath: //h3was found
1234201813:33:39.973  INFO  tests.TestBase - End of method -->addContactTestBase
13:33:39.974  INFO  tests.TestBase - Start method -->addContactTestBase
13:33:39.974  INFO  tests.TestBase - Test Start with Data -->[]
13:33:39.974  INFO  tests.TestBase - ==================================================================
13:33:39.974  INFO  manager.MyListener - Start find element by -->By.xpath: //button[text()='Sign Out']
13:33:39.986  INFO  manager.MyListener - The element -->By.xpath: //button[text()='Sign Out']was found
13:33:39.987  INFO  manager.MyListener - Start find element by -->By.xpath: //a[.='ADD']
13:33:40.001  INFO  manager.MyListener - The element -->By.xpath: //a[.='ADD']was found
13:33:40.032  INFO  manager.MyListener - Start find element by -->By.cssSelector: [placeholder='Name']
13:33:40.049  INFO  manager.MyListener - The element -->By.cssSelector: [placeholder='Name']was found
13:33:40.156  INFO  manager.MyListener - Start find element by -->By.cssSelector: [placeholder='Last Name']
13:33:40.173  INFO  manager.MyListener - The element -->By.cssSelector: [placeholder='Last Name']was found
13:33:40.264  INFO  manager.MyListener - Start find element by -->By.cssSelector: [placeholder='Phone']
13:33:40.282  INFO  manager.MyListener - The element -->By.cssSelector: [placeholder='Phone']was found
13:33:40.375  INFO  manager.MyListener - Start find element by -->By.cssSelector: [placeholder='email']
13:33:40.390  INFO  manager.MyListener - The element -->By.cssSelector: [placeholder='email']was found
13:33:40.488  INFO  manager.MyListener - Start find element by -->By.cssSelector: [placeholder='Address']
13:33:40.500  INFO  manager.MyListener - The element -->By.cssSelector: [placeholder='Address']was found
13:33:40.594  INFO  manager.MyListener - Start find element by -->By.cssSelector: [placeholder='description']
13:33:40.609  INFO  manager.MyListener - The element -->By.cssSelector: [placeholder='description']was found
13:33:40.698  INFO  manager.MyListener - Start find element by -->By.xpath: //button/b
13:33:40.718  INFO  manager.MyListener - The element -->By.xpath: //button/bwas found
13:33:40.752  INFO  manager.MyListener - Start find element by -->By.xpath: //h3
13:33:41.010  INFO  manager.MyListener - The element -->By.xpath: //h3was found
1234201913:33:41.097  INFO  tests.TestBase - End of method -->addContactTestBase
13:33:41.098  INFO  tests.TestBase - Start method -->addContactTestBase
13:33:41.098  INFO  tests.TestBase - Test Start with Data -->[]
13:33:41.098  INFO  tests.TestBase - ==================================================================
13:33:41.098  INFO  manager.MyListener - Start find element by -->By.xpath: //button[text()='Sign Out']
13:33:41.120  INFO  manager.MyListener - The element -->By.xpath: //button[text()='Sign Out']was found
13:33:41.120  INFO  manager.MyListener - Start find element by -->By.xpath: //a[.='ADD']
13:33:41.137  INFO  manager.MyListener - The element -->By.xpath: //a[.='ADD']was found
13:33:41.168  INFO  manager.MyListener - Start find element by -->By.cssSelector: [placeholder='Name']
13:33:41.187  INFO  manager.MyListener - The element -->By.cssSelector: [placeholder='Name']was found
13:33:41.292  INFO  manager.MyListener - Start find element by -->By.cssSelector: [placeholder='Last Name']
13:33:41.309  INFO  manager.MyListener - The element -->By.cssSelector: [placeholder='Last Name']was found
13:33:41.413  INFO  manager.MyListener - Start find element by -->By.cssSelector: [placeholder='Phone']
13:33:41.433  INFO  manager.MyListener - The element -->By.cssSelector: [placeholder='Phone']was found
13:33:41.526  INFO  manager.MyListener - Start find element by -->By.cssSelector: [placeholder='email']
13:33:41.543  INFO  manager.MyListener - The element -->By.cssSelector: [placeholder='email']was found
13:33:41.638  INFO  manager.MyListener - Start find element by -->By.cssSelector: [placeholder='Address']
13:33:41.650  INFO  manager.MyListener - The element -->By.cssSelector: [placeholder='Address']was found
13:33:41.741  INFO  manager.MyListener - Start find element by -->By.cssSelector: [placeholder='description']
13:33:41.759  INFO  manager.MyListener - The element -->By.cssSelector: [placeholder='description']was found
13:33:41.864  INFO  manager.MyListener - Start find element by -->By.xpath: //button/b
13:33:41.883  INFO  manager.MyListener - The element -->By.xpath: //button/bwas found
13:33:41.924  INFO  manager.MyListener - Start find element by -->By.xpath: //h3
13:33:42.192  INFO  manager.MyListener - The element -->By.xpath: //h3was found
1234202113:33:42.286  INFO  tests.TestBase - End of method -->addContactTestBase
13:33:42.287  INFO  tests.TestBase - Start method -->addContactTestBase
13:33:42.287  INFO  tests.TestBase - Test Start with Data -->[]
13:33:42.287  INFO  tests.TestBase - ==================================================================
13:33:42.287  INFO  manager.MyListener - Start find element by -->By.xpath: //button[text()='Sign Out']
13:33:42.300  INFO  manager.MyListener - The element -->By.xpath: //button[text()='Sign Out']was found
13:33:42.300  INFO  manager.MyListener - Start find element by -->By.xpath: //a[.='ADD']
13:33:42.315  INFO  manager.MyListener - The element -->By.xpath: //a[.='ADD']was found
13:33:42.348  INFO  manager.MyListener - Start find element by -->By.cssSelector: [placeholder='Name']
13:33:42.364  INFO  manager.MyListener - The element -->By.cssSelector: [placeholder='Name']was found
13:33:42.470  INFO  manager.MyListener - Start find element by -->By.cssSelector: [placeholder='Last Name']
13:33:42.487  INFO  manager.MyListener - The element -->By.cssSelector: [placeholder='Last Name']was found
13:33:42.577  INFO  manager.MyListener - Start find element by -->By.cssSelector: [placeholder='Phone']
13:33:42.595  INFO  manager.MyListener - The element -->By.cssSelector: [placeholder='Phone']was found
13:33:42.688  INFO  manager.MyListener - Start find element by -->By.cssSelector: [placeholder='email']
13:33:42.704  INFO  manager.MyListener - The element -->By.cssSelector: [placeholder='email']was found
13:33:42.801  INFO  manager.MyListener - Start find element by -->By.cssSelector: [placeholder='Address']
13:33:42.812  INFO  manager.MyListener - The element -->By.cssSelector: [placeholder='Address']was found
13:33:42.907  INFO  manager.MyListener - Start find element by -->By.cssSelector: [placeholder='description']
13:33:42.935  INFO  manager.MyListener - The element -->By.cssSelector: [placeholder='description']was found
13:33:43.042  INFO  manager.MyListener - Start find element by -->By.xpath: //button/b
13:33:43.061  INFO  manager.MyListener - The element -->By.xpath: //button/bwas found
13:33:43.094  INFO  manager.MyListener - Start find element by -->By.xpath: //h3
13:33:43.355  INFO  manager.MyListener - The element -->By.xpath: //h3was found
1234202213:33:43.454  INFO  tests.TestBase - End of method -->addContactTestBase
]]></system-out>
  <system-err><![CDATA[]]></system-err>
</testsuite>
