<?xml version="1.0" encoding="UTF-8"?>
<testsuite name="tests.SmokeTest" tests="1" skipped="0" failures="0" errors="0" timestamp="2021-08-19T19:45:09" hostname="LAPTOP-VN4HCI1U" time="0.001">
  <properties/>
  <testcase name="smokeTest" classname="tests.SmokeTest" time="0.001"/>
  <system-out><![CDATA[22:45:09.435  INFO  tests.TestBase - Start method -->smokeTest
22:45:09.437  INFO  tests.TestBase - Test Start with Data -->[]
22:45:09.438  INFO  tests.TestBase - ==================================================================
Im Smoke Test 
22:45:09.444  INFO  tests.TestBase - End of method -->smokeTest
]]></system-out>
  <system-err><![CDATA[]]></system-err>
</testsuite>
