<?xml version="1.0" encoding="UTF-8"?>
<testsuite name="tests.LoginTest" tests="12" skipped="0" failures="0" errors="0" timestamp="2021-08-19T19:45:19" hostname="LAPTOP-VN4HCI1U" time="33.138">
  <properties/>
  <testcase name="loginTestBase" classname="tests.LoginTest" time="1.394"/>
  <testcase name="loginTestDP_CSV[0](User{email='noa@gmail.com', password='Nnoa12345$'})" classname="tests.LoginTest" time="0.632"/>
  <testcase name="loginTestDP_CSV[1](User{email='noa@gmail.com', password='Nnoa12345$'})" classname="tests.LoginTest" time="0.582"/>
  <testcase name="loginTestDP_CSV[2](User{email='noa@gmail.com', password='Nnoa12345$'})" classname="tests.LoginTest" time="0.576"/>
  <testcase name="loginTestDataProvider[0](noa@gmail.com, Nnoa12345$)" classname="tests.LoginTest" time="2.509"/>
  <testcase name="loginTestDataProvider[1](sonya@gmail.com, Ss12345$)" classname="tests.LoginTest" time="2.521"/>
  <testcase name="loginTestDataProvider[2](noa@gmail.com, Nnoa12345$)" classname="tests.LoginTest" time="2.458"/>
  <testcase name="loginTestDataProviderClass[0](noa@gmail.com, Nnoa12345$)" classname="tests.LoginTest" time="2.498"/>
  <testcase name="loginTestDataProviderClass[1](sonya@gmail.com, Ss12345$)" classname="tests.LoginTest" time="2.469"/>
  <testcase name="loginTestDataProviderClass[2](noa@gmail.com, Nnoa12345$)" classname="tests.LoginTest" time="2.5"/>
  <testcase name="loginTestPositiveNewContact" classname="tests.LoginTest" time="2.528"/>
  <testcase name="loginTestWithWrongPassword" classname="tests.LoginTest" time="11.056"/>
  <system-out><![CDATA[22:45:09.452  INFO  tests.TestBase - Start method -->loginTestBase
22:45:09.452  INFO  tests.TestBase - Test Start with Data -->[]
22:45:09.453  INFO  tests.TestBase - ==================================================================
22:45:09.455  INFO  manager.MyListener - Start find element by -->By.xpath: //button[text()='Sign Out']
22:45:19.551  INFO  manager.MyListener - The element -->By.xpath: //button[text()='Sign Out']was found
22:45:19.552  INFO  manager.MyListener - Start find element by -->By.xpath: //a[.='LOGIN']
22:45:19.579  INFO  manager.MyListener - The element -->By.xpath: //a[.='LOGIN']was found
22:45:19.691  INFO  manager.MyListener - Start find element by -->By.xpath: //input[1]
22:45:19.719  INFO  manager.MyListener - The element -->By.xpath: //input[1]was found
22:45:19.907  INFO  manager.MyListener - Start find element by -->By.xpath: //input[2]
22:45:19.928  INFO  manager.MyListener - The element -->By.xpath: //input[2]was found
22:45:20.085  INFO  manager.MyListener - Start find element by -->By.xpath: //button[1]
22:45:20.114  INFO  manager.MyListener - The element -->By.xpath: //button[1]was found
22:45:20.180  INFO  manager.MyListener - Start find element by -->By.xpath: //button[text()='Sign Out']
22:45:20.943  INFO  manager.MyListener - The element -->By.xpath: //button[text()='Sign Out']was found
22:45:20.946  INFO  tests.TestBase - End of method -->loginTestBase
22:45:20.951  INFO  tests.TestBase - Start method -->loginTestDP_CSV
22:45:20.960  INFO  tests.TestBase - Test Start with Data -->[User{email='noa@gmail.com', password='Nnoa12345$'}]
22:45:20.961  INFO  tests.TestBase - ==================================================================
22:45:20.961  INFO  manager.MyListener - Start find element by -->By.xpath: //button[text()='Sign Out']
22:45:20.973  INFO  manager.MyListener - The element -->By.xpath: //button[text()='Sign Out']was found
22:45:20.977  INFO  manager.MyListener - Start find element by -->By.xpath: //button[text()='Sign Out']
22:45:20.993  INFO  manager.MyListener - The element -->By.xpath: //button[text()='Sign Out']was found
22:45:21.059  INFO  manager.MyListener - Start find element by -->By.xpath: //button[text()='Sign Out']
22:45:21.080  INFO  manager.MyListener - The element -->By.xpath: //button[text()='Sign Out']was found
22:45:21.148  INFO  manager.MyListener - Start find element by -->By.xpath: //a[.='LOGIN']
22:45:21.176  INFO  manager.MyListener - The element -->By.xpath: //a[.='LOGIN']was found
22:45:21.221  INFO  manager.MyListener - Start find element by -->By.xpath: //input[1]
22:45:21.237  INFO  manager.MyListener - The element -->By.xpath: //input[1]was found
22:45:21.400  INFO  manager.MyListener - Start find element by -->By.xpath: //input[2]
22:45:21.425  INFO  manager.MyListener - The element -->By.xpath: //input[2]was found
22:45:21.566  INFO  manager.MyListener - Start find element by -->By.xpath: //button[1]
22:45:21.579  INFO  manager.MyListener - The element -->By.xpath: //button[1]was found
22:45:21.629  INFO  manager.MyListener - Start find element by -->By.xpath: //button[text()='Sign Out']
22:45:21.778  INFO  manager.MyListener - The element -->By.xpath: //button[text()='Sign Out']was found
22:45:21.780  INFO  tests.TestBase - End of method -->loginTestDP_CSV
22:45:21.780  INFO  tests.TestBase - Start method -->loginTestDP_CSV
22:45:21.780  INFO  tests.TestBase - Test Start with Data -->[User{email='noa@gmail.com', password='Nnoa12345$'}]
22:45:21.781  INFO  tests.TestBase - ==================================================================
22:45:21.781  INFO  manager.MyListener - Start find element by -->By.xpath: //button[text()='Sign Out']
22:45:21.794  INFO  manager.MyListener - The element -->By.xpath: //button[text()='Sign Out']was found
22:45:21.795  INFO  manager.MyListener - Start find element by -->By.xpath: //button[text()='Sign Out']
22:45:21.812  INFO  manager.MyListener - The element -->By.xpath: //button[text()='Sign Out']was found
22:45:21.851  INFO  manager.MyListener - Start find element by -->By.xpath: //button[text()='Sign Out']
22:45:21.873  INFO  manager.MyListener - The element -->By.xpath: //button[text()='Sign Out']was found
22:45:21.928  INFO  manager.MyListener - Start find element by -->By.xpath: //a[.='LOGIN']
22:45:21.952  INFO  manager.MyListener - The element -->By.xpath: //a[.='LOGIN']was found
22:45:21.996  INFO  manager.MyListener - Start find element by -->By.xpath: //input[1]
22:45:22.011  INFO  manager.MyListener - The element -->By.xpath: //input[1]was found
22:45:22.154  INFO  manager.MyListener - Start find element by -->By.xpath: //input[2]
22:45:22.166  INFO  manager.MyListener - The element -->By.xpath: //input[2]was found
22:45:22.308  INFO  manager.MyListener - Start find element by -->By.xpath: //button[1]
22:45:22.324  INFO  manager.MyListener - The element -->By.xpath: //button[1]was found
22:45:22.371  INFO  manager.MyListener - Start find element by -->By.xpath: //button[text()='Sign Out']
22:45:22.509  INFO  manager.MyListener - The element -->By.xpath: //button[text()='Sign Out']was found
22:45:22.510  INFO  tests.TestBase - End of method -->loginTestDP_CSV
22:45:22.511  INFO  tests.TestBase - Start method -->loginTestDP_CSV
22:45:22.511  INFO  tests.TestBase - Test Start with Data -->[User{email='noa@gmail.com', password='Nnoa12345$'}]
22:45:22.511  INFO  tests.TestBase - ==================================================================
22:45:22.513  INFO  manager.MyListener - Start find element by -->By.xpath: //button[text()='Sign Out']
22:45:22.523  INFO  manager.MyListener - The element -->By.xpath: //button[text()='Sign Out']was found
22:45:22.524  INFO  manager.MyListener - Start find element by -->By.xpath: //button[text()='Sign Out']
22:45:22.538  INFO  manager.MyListener - The element -->By.xpath: //button[text()='Sign Out']was found
22:45:22.557  INFO  manager.MyListener - Start find element by -->By.xpath: //button[text()='Sign Out']
22:45:22.570  INFO  manager.MyListener - The element -->By.xpath: //button[text()='Sign Out']was found
22:45:22.631  INFO  manager.MyListener - Start find element by -->By.xpath: //a[.='LOGIN']
22:45:22.648  INFO  manager.MyListener - The element -->By.xpath: //a[.='LOGIN']was found
22:45:22.696  INFO  manager.MyListener - Start find element by -->By.xpath: //input[1]
22:45:22.711  INFO  manager.MyListener - The element -->By.xpath: //input[1]was found
22:45:22.855  INFO  manager.MyListener - Start find element by -->By.xpath: //input[2]
22:45:22.867  INFO  manager.MyListener - The element -->By.xpath: //input[2]was found
22:45:23.008  INFO  manager.MyListener - Start find element by -->By.xpath: //button[1]
22:45:23.022  INFO  manager.MyListener - The element -->By.xpath: //button[1]was found
22:45:23.071  INFO  manager.MyListener - Start find element by -->By.xpath: //button[text()='Sign Out']
22:45:23.205  INFO  manager.MyListener - The element -->By.xpath: //button[text()='Sign Out']was found
22:45:23.206  INFO  tests.TestBase - End of method -->loginTestDP_CSV
22:45:23.207  INFO  tests.TestBase - Start method -->loginTestDataProvider
22:45:23.207  INFO  tests.TestBase - Test Start with Data -->[noa@gmail.com, Nnoa12345$]
22:45:23.208  INFO  tests.TestBase - ==================================================================
22:45:23.208  INFO  manager.MyListener - Start find element by -->By.xpath: //button[text()='Sign Out']
22:45:23.222  INFO  manager.MyListener - The element -->By.xpath: //button[text()='Sign Out']was found
22:45:23.223  INFO  manager.MyListener - Start find element by -->By.xpath: //button[text()='Sign Out']
22:45:23.238  INFO  manager.MyListener - The element -->By.xpath: //button[text()='Sign Out']was found
22:45:23.258  INFO  manager.MyListener - Start find element by -->By.xpath: //button[text()='Sign Out']
22:45:23.269  INFO  manager.MyListener - The element -->By.xpath: //button[text()='Sign Out']was found
22:45:23.333  INFO  manager.MyListener - Start find element by -->By.xpath: //a[.='LOGIN']
22:45:23.350  INFO  manager.MyListener - The element -->By.xpath: //a[.='LOGIN']was found
22:45:23.394  INFO  manager.MyListener - Start find element by -->By.xpath: //input[1]
22:45:23.412  INFO  manager.MyListener - The element -->By.xpath: //input[1]was found
22:45:23.580  INFO  manager.MyListener - Start find element by -->By.xpath: //input[2]
22:45:23.601  INFO  manager.MyListener - The element -->By.xpath: //input[2]was found
22:45:23.742  INFO  manager.MyListener - Start find element by -->By.xpath: //button[1]
22:45:23.756  INFO  manager.MyListener - The element -->By.xpath: //button[1]was found
22:45:25.816  INFO  manager.MyListener - Start find element by -->By.xpath: //button[text()='Sign Out']
22:45:25.841  INFO  manager.MyListener - The element -->By.xpath: //button[text()='Sign Out']was found
22:45:25.842  INFO  tests.TestBase - End of method -->loginTestDataProvider
22:45:25.843  INFO  tests.TestBase - Start method -->loginTestDataProvider
22:45:25.843  INFO  tests.TestBase - Test Start with Data -->[sonya@gmail.com, Ss12345$]
22:45:25.843  INFO  tests.TestBase - ==================================================================
22:45:25.844  INFO  manager.MyListener - Start find element by -->By.xpath: //button[text()='Sign Out']
22:45:25.856  INFO  manager.MyListener - The element -->By.xpath: //button[text()='Sign Out']was found
22:45:25.856  INFO  manager.MyListener - Start find element by -->By.xpath: //button[text()='Sign Out']
22:45:25.872  INFO  manager.MyListener - The element -->By.xpath: //button[text()='Sign Out']was found
22:45:25.906  INFO  manager.MyListener - Start find element by -->By.xpath: //button[text()='Sign Out']
22:45:25.918  INFO  manager.MyListener - The element -->By.xpath: //button[text()='Sign Out']was found
22:45:25.970  INFO  manager.MyListener - Start find element by -->By.xpath: //a[.='LOGIN']
22:45:25.998  INFO  manager.MyListener - The element -->By.xpath: //a[.='LOGIN']was found
22:45:26.043  INFO  manager.MyListener - Start find element by -->By.xpath: //input[1]
22:45:26.057  INFO  manager.MyListener - The element -->By.xpath: //input[1]was found
22:45:26.221  INFO  manager.MyListener - Start find element by -->By.xpath: //input[2]
22:45:26.245  INFO  manager.MyListener - The element -->By.xpath: //input[2]was found
22:45:26.396  INFO  manager.MyListener - Start find element by -->By.xpath: //button[1]
22:45:26.416  INFO  manager.MyListener - The element -->By.xpath: //button[1]was found
22:45:28.467  INFO  manager.MyListener - Start find element by -->By.xpath: //button[text()='Sign Out']
22:45:28.491  INFO  manager.MyListener - The element -->By.xpath: //button[text()='Sign Out']was found
22:45:28.492  INFO  tests.TestBase - End of method -->loginTestDataProvider
22:45:28.492  INFO  tests.TestBase - Start method -->loginTestDataProvider
22:45:28.493  INFO  tests.TestBase - Test Start with Data -->[noa@gmail.com, Nnoa12345$]
22:45:28.493  INFO  tests.TestBase - ==================================================================
22:45:28.493  INFO  manager.MyListener - Start find element by -->By.xpath: //button[text()='Sign Out']
22:45:28.505  INFO  manager.MyListener - The element -->By.xpath: //button[text()='Sign Out']was found
22:45:28.505  INFO  manager.MyListener - Start find element by -->By.xpath: //button[text()='Sign Out']
22:45:28.520  INFO  manager.MyListener - The element -->By.xpath: //button[text()='Sign Out']was found
22:45:28.540  INFO  manager.MyListener - Start find element by -->By.xpath: //button[text()='Sign Out']
22:45:28.551  INFO  manager.MyListener - The element -->By.xpath: //button[text()='Sign Out']was found
22:45:28.602  INFO  manager.MyListener - Start find element by -->By.xpath: //a[.='LOGIN']
22:45:28.617  INFO  manager.MyListener - The element -->By.xpath: //a[.='LOGIN']was found
22:45:28.661  INFO  manager.MyListener - Start find element by -->By.xpath: //input[1]
22:45:28.679  INFO  manager.MyListener - The element -->By.xpath: //input[1]was found
22:45:28.820  INFO  manager.MyListener - Start find element by -->By.xpath: //input[2]
22:45:28.832  INFO  manager.MyListener - The element -->By.xpath: //input[2]was found
22:45:28.970  INFO  manager.MyListener - Start find element by -->By.xpath: //button[1]
22:45:28.987  INFO  manager.MyListener - The element -->By.xpath: //button[1]was found
22:45:31.037  INFO  manager.MyListener - Start find element by -->By.xpath: //button[text()='Sign Out']
22:45:31.060  INFO  manager.MyListener - The element -->By.xpath: //button[text()='Sign Out']was found
22:45:31.061  INFO  tests.TestBase - End of method -->loginTestDataProvider
22:45:31.062  INFO  tests.TestBase - Start method -->loginTestDataProviderClass
22:45:31.062  INFO  tests.TestBase - Test Start with Data -->[noa@gmail.com, Nnoa12345$]
22:45:31.062  INFO  tests.TestBase - ==================================================================
22:45:31.063  INFO  manager.MyListener - Start find element by -->By.xpath: //button[text()='Sign Out']
22:45:31.076  INFO  manager.MyListener - The element -->By.xpath: //button[text()='Sign Out']was found
22:45:31.076  INFO  manager.MyListener - Start find element by -->By.xpath: //button[text()='Sign Out']
22:45:31.089  INFO  manager.MyListener - The element -->By.xpath: //button[text()='Sign Out']was found
22:45:31.109  INFO  manager.MyListener - Start find element by -->By.xpath: //button[text()='Sign Out']
22:45:31.120  INFO  manager.MyListener - The element -->By.xpath: //button[text()='Sign Out']was found
22:45:31.168  INFO  manager.MyListener - Start find element by -->By.xpath: //a[.='LOGIN']
22:45:31.188  INFO  manager.MyListener - The element -->By.xpath: //a[.='LOGIN']was found
22:45:31.243  INFO  manager.MyListener - Start find element by -->By.xpath: //input[1]
22:45:31.261  INFO  manager.MyListener - The element -->By.xpath: //input[1]was found
22:45:31.412  INFO  manager.MyListener - Start find element by -->By.xpath: //input[2]
22:45:31.432  INFO  manager.MyListener - The element -->By.xpath: //input[2]was found
22:45:31.573  INFO  manager.MyListener - Start find element by -->By.xpath: //button[1]
22:45:31.588  INFO  manager.MyListener - The element -->By.xpath: //button[1]was found
22:45:33.641  INFO  manager.MyListener - Start find element by -->By.xpath: //button[text()='Sign Out']
22:45:33.665  INFO  manager.MyListener - The element -->By.xpath: //button[text()='Sign Out']was found
22:45:33.666  INFO  tests.TestBase - End of method -->loginTestDataProviderClass
22:45:33.666  INFO  tests.TestBase - Start method -->loginTestDataProviderClass
22:45:33.667  INFO  tests.TestBase - Test Start with Data -->[sonya@gmail.com, Ss12345$]
22:45:33.667  INFO  tests.TestBase - ==================================================================
22:45:33.667  INFO  manager.MyListener - Start find element by -->By.xpath: //button[text()='Sign Out']
22:45:33.679  INFO  manager.MyListener - The element -->By.xpath: //button[text()='Sign Out']was found
22:45:33.680  INFO  manager.MyListener - Start find element by -->By.xpath: //button[text()='Sign Out']
22:45:33.696  INFO  manager.MyListener - The element -->By.xpath: //button[text()='Sign Out']was found
22:45:33.715  INFO  manager.MyListener - Start find element by -->By.xpath: //button[text()='Sign Out']
22:45:33.727  INFO  manager.MyListener - The element -->By.xpath: //button[text()='Sign Out']was found
22:45:33.786  INFO  manager.MyListener - Start find element by -->By.xpath: //a[.='LOGIN']
22:45:33.804  INFO  manager.MyListener - The element -->By.xpath: //a[.='LOGIN']was found
22:45:33.851  INFO  manager.MyListener - Start find element by -->By.xpath: //input[1]
22:45:33.866  INFO  manager.MyListener - The element -->By.xpath: //input[1]was found
22:45:34.011  INFO  manager.MyListener - Start find element by -->By.xpath: //input[2]
22:45:34.022  INFO  manager.MyListener - The element -->By.xpath: //input[2]was found
22:45:34.156  INFO  manager.MyListener - Start find element by -->By.xpath: //button[1]
22:45:34.177  INFO  manager.MyListener - The element -->By.xpath: //button[1]was found
22:45:36.230  INFO  manager.MyListener - Start find element by -->By.xpath: //button[text()='Sign Out']
22:45:36.253  INFO  manager.MyListener - The element -->By.xpath: //button[text()='Sign Out']was found
22:45:36.254  INFO  tests.TestBase - End of method -->loginTestDataProviderClass
22:45:36.255  INFO  tests.TestBase - Start method -->loginTestDataProviderClass
22:45:36.255  INFO  tests.TestBase - Test Start with Data -->[noa@gmail.com, Nnoa12345$]
22:45:36.255  INFO  tests.TestBase - ==================================================================
22:45:36.255  INFO  manager.MyListener - Start find element by -->By.xpath: //button[text()='Sign Out']
22:45:36.268  INFO  manager.MyListener - The element -->By.xpath: //button[text()='Sign Out']was found
22:45:36.269  INFO  manager.MyListener - Start find element by -->By.xpath: //button[text()='Sign Out']
22:45:36.283  INFO  manager.MyListener - The element -->By.xpath: //button[text()='Sign Out']was found
22:45:36.303  INFO  manager.MyListener - Start find element by -->By.xpath: //button[text()='Sign Out']
22:45:36.314  INFO  manager.MyListener - The element -->By.xpath: //button[text()='Sign Out']was found
22:45:36.367  INFO  manager.MyListener - Start find element by -->By.xpath: //a[.='LOGIN']
22:45:36.383  INFO  manager.MyListener - The element -->By.xpath: //a[.='LOGIN']was found
22:45:36.442  INFO  manager.MyListener - Start find element by -->By.xpath: //input[1]
22:45:36.460  INFO  manager.MyListener - The element -->By.xpath: //input[1]was found
22:45:36.606  INFO  manager.MyListener - Start find element by -->By.xpath: //input[2]
22:45:36.630  INFO  manager.MyListener - The element -->By.xpath: //input[2]was found
22:45:36.765  INFO  manager.MyListener - Start find element by -->By.xpath: //button[1]
22:45:36.784  INFO  manager.MyListener - The element -->By.xpath: //button[1]was found
22:45:38.843  INFO  manager.MyListener - Start find element by -->By.xpath: //button[text()='Sign Out']
22:45:38.867  INFO  manager.MyListener - The element -->By.xpath: //button[text()='Sign Out']was found
22:45:38.868  INFO  tests.TestBase - End of method -->loginTestDataProviderClass
22:45:38.869  INFO  tests.TestBase - Start method -->loginTestPositiveNewContact
22:45:38.869  INFO  tests.TestBase - Test Start with Data -->[]
22:45:38.869  INFO  tests.TestBase - ==================================================================
22:45:38.869  INFO  manager.MyListener - Start find element by -->By.xpath: //button[text()='Sign Out']
22:45:38.881  INFO  manager.MyListener - The element -->By.xpath: //button[text()='Sign Out']was found
22:45:38.881  INFO  manager.MyListener - Start find element by -->By.xpath: //button[text()='Sign Out']
22:45:38.896  INFO  manager.MyListener - The element -->By.xpath: //button[text()='Sign Out']was found
22:45:38.916  INFO  manager.MyListener - Start find element by -->By.xpath: //button[text()='Sign Out']
22:45:38.928  INFO  manager.MyListener - The element -->By.xpath: //button[text()='Sign Out']was found
22:45:38.981  INFO  manager.MyListener - Start find element by -->By.xpath: //a[.='LOGIN']
22:45:39.010  INFO  manager.MyListener - The element -->By.xpath: //a[.='LOGIN']was found
22:45:39.051  INFO  manager.MyListener - Start find element by -->By.xpath: //input[@placeholder='Email']
22:45:39.073  INFO  manager.MyListener - The element -->By.xpath: //input[@placeholder='Email']was found
22:45:39.216  INFO  manager.MyListener - Start find element by -->By.xpath: //input[@placeholder='Password']
22:45:39.248  INFO  manager.MyListener - The element -->By.xpath: //input[@placeholder='Password']was found
22:45:39.397  INFO  manager.MyListener - Start find element by -->By.xpath: //button[.=' Login']
22:45:39.418  INFO  manager.MyListener - The element -->By.xpath: //button[.=' Login']was found
22:45:41.465  INFO  manager.MyListener - Start find element by -->By.xpath: //a[.='ADD']
22:45:41.493  INFO  manager.MyListener - The element -->By.xpath: //a[.='ADD']was found
22:45:41.510  INFO  tests.TestBase - End of method -->loginTestPositiveNewContact
22:45:41.510  INFO  tests.TestBase - Start method -->loginTestWithWrongPassword
22:45:41.511  INFO  tests.TestBase - Test Start with Data -->[]
22:45:41.511  INFO  tests.TestBase - ==================================================================
22:45:41.511  INFO  manager.MyListener - Start find element by -->By.xpath: //button[text()='Sign Out']
22:45:41.534  INFO  manager.MyListener - The element -->By.xpath: //button[text()='Sign Out']was found
22:45:41.534  INFO  manager.MyListener - Start find element by -->By.xpath: //button[text()='Sign Out']
22:45:41.550  INFO  manager.MyListener - The element -->By.xpath: //button[text()='Sign Out']was found
22:45:41.569  INFO  manager.MyListener - Start find element by -->By.xpath: //button[text()='Sign Out']
22:45:41.582  INFO  manager.MyListener - The element -->By.xpath: //button[text()='Sign Out']was found
22:45:41.634  INFO  manager.MyListener - Start find element by -->By.xpath: //a[.='LOGIN']
22:45:41.661  INFO  manager.MyListener - The element -->By.xpath: //a[.='LOGIN']was found
22:45:41.706  INFO  manager.MyListener - Start find element by -->By.xpath: //input[1]
22:45:41.723  INFO  manager.MyListener - The element -->By.xpath: //input[1]was found
22:45:41.866  INFO  manager.MyListener - Start find element by -->By.xpath: //input[2]
22:45:41.879  INFO  manager.MyListener - The element -->By.xpath: //input[2]was found
22:45:42.014  INFO  manager.MyListener - Start find element by -->By.xpath: //button[1]
22:45:42.035  INFO  manager.MyListener - The element -->By.xpath: //button[1]was found
22:45:42.635  INFO  manager.MyListener - Start find element by -->By.xpath: //button[text()='Sign Out']
22:45:52.689  INFO  manager.MyListener - The element -->By.xpath: //button[text()='Sign Out']was found
22:45:52.690  INFO  tests.TestBase - End of method -->loginTestWithWrongPassword
]]></system-out>
  <system-err><![CDATA[]]></system-err>
</testsuite>
