<?xml version="1.0" encoding="UTF-8"?>
<testsuite name="tests.SmokeTest" tests="1" skipped="0" failures="0" errors="0" timestamp="2021-08-22T13:44:36" hostname="LAPTOP-VN4HCI1U" time="0.001">
  <properties/>
  <testcase name="smokeTest" classname="tests.SmokeTest" time="0.001"/>
  <system-out><![CDATA[16:44:36.016  INFO  tests.TestBase - Start method -->smokeTest
16:44:36.017  INFO  tests.TestBase - Test Start with Data -->[]
16:44:36.017  INFO  tests.TestBase - ==================================================================
Im Smoke Test 
16:44:36.025  INFO  tests.TestBase - End of method -->smokeTest
]]></system-out>
  <system-err><![CDATA[]]></system-err>
</testsuite>
