<?xml version="1.0" encoding="UTF-8"?>
<testsuite name="tests.LoginTest" tests="12" skipped="0" failures="0" errors="0" timestamp="2021-08-22T13:44:46" hostname="LAPTOP-VN4HCI1U" time="40.745">
  <properties/>
  <testcase name="loginTestBase" classname="tests.LoginTest" time="1.633"/>
  <testcase name="loginTestDP_CSV[0](User{email='noa@gmail.com', password='Nnoa12345$'})" classname="tests.LoginTest" time="1.073"/>
  <testcase name="loginTestDP_CSV[1](User{email='noa@gmail.com', password='Nnoa12345$'})" classname="tests.LoginTest" time="1.094"/>
  <testcase name="loginTestDP_CSV[2](User{email='noa@gmail.com', password='Nnoa12345$'})" classname="tests.LoginTest" time="1.076"/>
  <testcase name="loginTestDataProvider[0](noa@gmail.com, Nnoa12345$)" classname="tests.LoginTest" time="3.077"/>
  <testcase name="loginTestDataProvider[1](sonya@gmail.com, Ss12345$)" classname="tests.LoginTest" time="3.067"/>
  <testcase name="loginTestDataProvider[2](noa@gmail.com, Nnoa12345$)" classname="tests.LoginTest" time="3.08"/>
  <testcase name="loginTestDataProviderClass[0](noa@gmail.com, Nnoa12345$)" classname="tests.LoginTest" time="3.085"/>
  <testcase name="loginTestDataProviderClass[1](sonya@gmail.com, Ss12345$)" classname="tests.LoginTest" time="3.08"/>
  <testcase name="loginTestDataProviderClass[2](noa@gmail.com, Nnoa12345$)" classname="tests.LoginTest" time="3.073"/>
  <testcase name="loginTestPositiveNewContact" classname="tests.LoginTest" time="3.097"/>
  <testcase name="loginTestWithWrongPassword" classname="tests.LoginTest" time="11.06"/>
  <system-out><![CDATA[16:44:36.033  INFO  tests.TestBase - Start method -->loginTestBase
16:44:36.033  INFO  tests.TestBase - Test Start with Data -->[]
16:44:36.033  INFO  tests.TestBase - ==================================================================
16:44:36.034  INFO  manager.MyListener - Start find element by -->By.xpath: //button[text()='Sign Out']
16:44:46.064  INFO  manager.MyListener - The element -->By.xpath: //button[text()='Sign Out']was found
16:44:46.066  INFO  manager.MyListener - Start find element by -->By.xpath: //a[.='LOGIN']
16:44:46.082  INFO  manager.MyListener - The element -->By.xpath: //a[.='LOGIN']was found
16:44:46.337  INFO  manager.MyListener - Start find element by -->By.xpath: //input[1]
16:44:46.356  INFO  manager.MyListener - The element -->By.xpath: //input[1]was found
16:44:46.635  INFO  manager.MyListener - Start find element by -->By.xpath: //input[2]
16:44:46.650  INFO  manager.MyListener - The element -->By.xpath: //input[2]was found
16:44:46.922  INFO  manager.MyListener - Start find element by -->By.xpath: //button[1]
16:44:46.929  INFO  manager.MyListener - The element -->By.xpath: //button[1]was found
16:44:47.159  INFO  manager.MyListener - Start find element by -->By.xpath: //button[text()='Sign Out']
16:44:47.695  INFO  manager.MyListener - The element -->By.xpath: //button[text()='Sign Out']was found
16:44:47.699  INFO  tests.TestBase - End of method -->loginTestBase
16:44:47.704  INFO  tests.TestBase - Start method -->loginTestDP_CSV
16:44:47.711  INFO  tests.TestBase - Test Start with Data -->[User{email='noa@gmail.com', password='Nnoa12345$'}]
16:44:47.711  INFO  tests.TestBase - ==================================================================
16:44:47.712  INFO  manager.MyListener - Start find element by -->By.xpath: //button[text()='Sign Out']
16:44:47.730  INFO  manager.MyListener - The element -->By.xpath: //button[text()='Sign Out']was found
16:44:47.732  INFO  manager.MyListener - Start find element by -->By.xpath: //button[text()='Sign Out']
16:44:47.745  INFO  manager.MyListener - The element -->By.xpath: //button[text()='Sign Out']was found
16:44:47.785  INFO  manager.MyListener - Start find element by -->By.xpath: //button[text()='Sign Out']
16:44:47.792  INFO  manager.MyListener - The element -->By.xpath: //button[text()='Sign Out']was found
16:44:48.022  INFO  manager.MyListener - Start find element by -->By.xpath: //a[.='LOGIN']
16:44:48.038  INFO  manager.MyListener - The element -->By.xpath: //a[.='LOGIN']was found
16:44:48.273  INFO  manager.MyListener - Start find element by -->By.xpath: //input[1]
16:44:48.289  INFO  manager.MyListener - The element -->By.xpath: //input[1]was found
16:44:48.562  INFO  manager.MyListener - Start find element by -->By.xpath: //input[2]
16:44:48.573  INFO  manager.MyListener - The element -->By.xpath: //input[2]was found
16:44:48.840  INFO  manager.MyListener - Start find element by -->By.xpath: //button[1]
16:44:48.848  INFO  manager.MyListener - The element -->By.xpath: //button[1]was found
16:44:49.079  INFO  manager.MyListener - Start find element by -->By.xpath: //button[text()='Sign Out']
16:44:49.095  INFO  manager.MyListener - The element -->By.xpath: //button[text()='Sign Out']was found
16:44:49.096  INFO  tests.TestBase - End of method -->loginTestDP_CSV
16:44:49.096  INFO  tests.TestBase - Start method -->loginTestDP_CSV
16:44:49.096  INFO  tests.TestBase - Test Start with Data -->[User{email='noa@gmail.com', password='Nnoa12345$'}]
16:44:49.096  INFO  tests.TestBase - ==================================================================
16:44:49.097  INFO  manager.MyListener - Start find element by -->By.xpath: //button[text()='Sign Out']
16:44:49.110  INFO  manager.MyListener - The element -->By.xpath: //button[text()='Sign Out']was found
16:44:49.111  INFO  manager.MyListener - Start find element by -->By.xpath: //button[text()='Sign Out']
16:44:49.125  INFO  manager.MyListener - The element -->By.xpath: //button[text()='Sign Out']was found
16:44:49.146  INFO  manager.MyListener - Start find element by -->By.xpath: //button[text()='Sign Out']
16:44:49.159  INFO  manager.MyListener - The element -->By.xpath: //button[text()='Sign Out']was found
16:44:49.389  INFO  manager.MyListener - Start find element by -->By.xpath: //a[.='LOGIN']
16:44:49.406  INFO  manager.MyListener - The element -->By.xpath: //a[.='LOGIN']was found
16:44:49.640  INFO  manager.MyListener - Start find element by -->By.xpath: //input[1]
16:44:49.658  INFO  manager.MyListener - The element -->By.xpath: //input[1]was found
16:44:49.936  INFO  manager.MyListener - Start find element by -->By.xpath: //input[2]
16:44:49.958  INFO  manager.MyListener - The element -->By.xpath: //input[2]was found
16:44:50.223  INFO  manager.MyListener - Start find element by -->By.xpath: //button[1]
16:44:50.233  INFO  manager.MyListener - The element -->By.xpath: //button[1]was found
16:44:50.467  INFO  manager.MyListener - Start find element by -->By.xpath: //button[text()='Sign Out']
16:44:50.483  INFO  manager.MyListener - The element -->By.xpath: //button[text()='Sign Out']was found
16:44:50.484  INFO  tests.TestBase - End of method -->loginTestDP_CSV
16:44:50.484  INFO  tests.TestBase - Start method -->loginTestDP_CSV
16:44:50.484  INFO  tests.TestBase - Test Start with Data -->[User{email='noa@gmail.com', password='Nnoa12345$'}]
16:44:50.484  INFO  tests.TestBase - ==================================================================
16:44:50.485  INFO  manager.MyListener - Start find element by -->By.xpath: //button[text()='Sign Out']
16:44:50.498  INFO  manager.MyListener - The element -->By.xpath: //button[text()='Sign Out']was found
16:44:50.498  INFO  manager.MyListener - Start find element by -->By.xpath: //button[text()='Sign Out']
16:44:50.514  INFO  manager.MyListener - The element -->By.xpath: //button[text()='Sign Out']was found
16:44:50.534  INFO  manager.MyListener - Start find element by -->By.xpath: //button[text()='Sign Out']
16:44:50.545  INFO  manager.MyListener - The element -->By.xpath: //button[text()='Sign Out']was found
16:44:50.774  INFO  manager.MyListener - Start find element by -->By.xpath: //a[.='LOGIN']
16:44:50.791  INFO  manager.MyListener - The element -->By.xpath: //a[.='LOGIN']was found
16:44:51.024  INFO  manager.MyListener - Start find element by -->By.xpath: //input[1]
16:44:51.040  INFO  manager.MyListener - The element -->By.xpath: //input[1]was found
16:44:51.312  INFO  manager.MyListener - Start find element by -->By.xpath: //input[2]
16:44:51.320  INFO  manager.MyListener - The element -->By.xpath: //input[2]was found
16:44:51.591  INFO  manager.MyListener - Start find element by -->By.xpath: //button[1]
16:44:51.599  INFO  manager.MyListener - The element -->By.xpath: //button[1]was found
16:44:51.832  INFO  manager.MyListener - Start find element by -->By.xpath: //button[text()='Sign Out']
16:44:51.849  INFO  manager.MyListener - The element -->By.xpath: //button[text()='Sign Out']was found
16:44:51.850  INFO  tests.TestBase - End of method -->loginTestDP_CSV
16:44:51.851  INFO  tests.TestBase - Start method -->loginTestDataProvider
16:44:51.851  INFO  tests.TestBase - Test Start with Data -->[noa@gmail.com, Nnoa12345$]
16:44:51.851  INFO  tests.TestBase - ==================================================================
16:44:51.851  INFO  manager.MyListener - Start find element by -->By.xpath: //button[text()='Sign Out']
16:44:51.864  INFO  manager.MyListener - The element -->By.xpath: //button[text()='Sign Out']was found
16:44:51.864  INFO  manager.MyListener - Start find element by -->By.xpath: //button[text()='Sign Out']
16:44:51.880  INFO  manager.MyListener - The element -->By.xpath: //button[text()='Sign Out']was found
16:44:51.901  INFO  manager.MyListener - Start find element by -->By.xpath: //button[text()='Sign Out']
16:44:51.911  INFO  manager.MyListener - The element -->By.xpath: //button[text()='Sign Out']was found
16:44:52.149  INFO  manager.MyListener - Start find element by -->By.xpath: //a[.='LOGIN']
16:44:52.165  INFO  manager.MyListener - The element -->By.xpath: //a[.='LOGIN']was found
16:44:52.398  INFO  manager.MyListener - Start find element by -->By.xpath: //input[1]
16:44:52.414  INFO  manager.MyListener - The element -->By.xpath: //input[1]was found
16:44:52.683  INFO  manager.MyListener - Start find element by -->By.xpath: //input[2]
16:44:52.695  INFO  manager.MyListener - The element -->By.xpath: //input[2]was found
16:44:52.961  INFO  manager.MyListener - Start find element by -->By.xpath: //button[1]
16:44:52.972  INFO  manager.MyListener - The element -->By.xpath: //button[1]was found
16:44:55.208  INFO  manager.MyListener - Start find element by -->By.xpath: //button[text()='Sign Out']
16:44:55.226  INFO  manager.MyListener - The element -->By.xpath: //button[text()='Sign Out']was found
16:44:55.227  INFO  tests.TestBase - End of method -->loginTestDataProvider
16:44:55.227  INFO  tests.TestBase - Start method -->loginTestDataProvider
16:44:55.227  INFO  tests.TestBase - Test Start with Data -->[sonya@gmail.com, Ss12345$]
16:44:55.227  INFO  tests.TestBase - ==================================================================
16:44:55.228  INFO  manager.MyListener - Start find element by -->By.xpath: //button[text()='Sign Out']
16:44:55.245  INFO  manager.MyListener - The element -->By.xpath: //button[text()='Sign Out']was found
16:44:55.246  INFO  manager.MyListener - Start find element by -->By.xpath: //button[text()='Sign Out']
16:44:55.257  INFO  manager.MyListener - The element -->By.xpath: //button[text()='Sign Out']was found
16:44:55.279  INFO  manager.MyListener - Start find element by -->By.xpath: //button[text()='Sign Out']
16:44:55.289  INFO  manager.MyListener - The element -->By.xpath: //button[text()='Sign Out']was found
16:44:55.519  INFO  manager.MyListener - Start find element by -->By.xpath: //a[.='LOGIN']
16:44:55.536  INFO  manager.MyListener - The element -->By.xpath: //a[.='LOGIN']was found
16:44:55.755  INFO  manager.MyListener - Start find element by -->By.xpath: //input[1]
16:44:55.772  INFO  manager.MyListener - The element -->By.xpath: //input[1]was found
16:44:56.045  INFO  manager.MyListener - Start find element by -->By.xpath: //input[2]
16:44:56.052  INFO  manager.MyListener - The element -->By.xpath: //input[2]was found
16:44:56.323  INFO  manager.MyListener - Start find element by -->By.xpath: //button[1]
16:44:56.331  INFO  manager.MyListener - The element -->By.xpath: //button[1]was found
16:44:58.568  INFO  manager.MyListener - Start find element by -->By.xpath: //button[text()='Sign Out']
16:44:58.586  INFO  manager.MyListener - The element -->By.xpath: //button[text()='Sign Out']was found
16:44:58.586  INFO  tests.TestBase - End of method -->loginTestDataProvider
16:44:58.587  INFO  tests.TestBase - Start method -->loginTestDataProvider
16:44:58.587  INFO  tests.TestBase - Test Start with Data -->[noa@gmail.com, Nnoa12345$]
16:44:58.587  INFO  tests.TestBase - ==================================================================
16:44:58.587  INFO  manager.MyListener - Start find element by -->By.xpath: //button[text()='Sign Out']
16:44:58.601  INFO  manager.MyListener - The element -->By.xpath: //button[text()='Sign Out']was found
16:44:58.601  INFO  manager.MyListener - Start find element by -->By.xpath: //button[text()='Sign Out']
16:44:58.616  INFO  manager.MyListener - The element -->By.xpath: //button[text()='Sign Out']was found
16:44:58.638  INFO  manager.MyListener - Start find element by -->By.xpath: //button[text()='Sign Out']
16:44:58.648  INFO  manager.MyListener - The element -->By.xpath: //button[text()='Sign Out']was found
16:44:58.879  INFO  manager.MyListener - Start find element by -->By.xpath: //a[.='LOGIN']
16:44:58.896  INFO  manager.MyListener - The element -->By.xpath: //a[.='LOGIN']was found
16:44:59.126  INFO  manager.MyListener - Start find element by -->By.xpath: //input[1]
16:44:59.143  INFO  manager.MyListener - The element -->By.xpath: //input[1]was found
16:44:59.411  INFO  manager.MyListener - Start find element by -->By.xpath: //input[2]
16:44:59.421  INFO  manager.MyListener - The element -->By.xpath: //input[2]was found
16:44:59.689  INFO  manager.MyListener - Start find element by -->By.xpath: //button[1]
16:44:59.701  INFO  manager.MyListener - The element -->By.xpath: //button[1]was found
16:45:01.940  INFO  manager.MyListener - Start find element by -->By.xpath: //button[text()='Sign Out']
16:45:01.958  INFO  manager.MyListener - The element -->By.xpath: //button[text()='Sign Out']was found
16:45:01.959  INFO  tests.TestBase - End of method -->loginTestDataProvider
16:45:01.960  INFO  tests.TestBase - Start method -->loginTestDataProviderClass
16:45:01.960  INFO  tests.TestBase - Test Start with Data -->[noa@gmail.com, Nnoa12345$]
16:45:01.960  INFO  tests.TestBase - ==================================================================
16:45:01.960  INFO  manager.MyListener - Start find element by -->By.xpath: //button[text()='Sign Out']
16:45:01.973  INFO  manager.MyListener - The element -->By.xpath: //button[text()='Sign Out']was found
16:45:01.973  INFO  manager.MyListener - Start find element by -->By.xpath: //button[text()='Sign Out']
16:45:01.989  INFO  manager.MyListener - The element -->By.xpath: //button[text()='Sign Out']was found
16:45:02.010  INFO  manager.MyListener - Start find element by -->By.xpath: //button[text()='Sign Out']
16:45:02.020  INFO  manager.MyListener - The element -->By.xpath: //button[text()='Sign Out']was found
16:45:02.253  INFO  manager.MyListener - Start find element by -->By.xpath: //a[.='LOGIN']
16:45:02.270  INFO  manager.MyListener - The element -->By.xpath: //a[.='LOGIN']was found
16:45:02.503  INFO  manager.MyListener - Start find element by -->By.xpath: //input[1]
16:45:02.518  INFO  manager.MyListener - The element -->By.xpath: //input[1]was found
16:45:02.793  INFO  manager.MyListener - Start find element by -->By.xpath: //input[2]
16:45:02.804  INFO  manager.MyListener - The element -->By.xpath: //input[2]was found
16:45:03.071  INFO  manager.MyListener - Start find element by -->By.xpath: //button[1]
16:45:03.084  INFO  manager.MyListener - The element -->By.xpath: //button[1]was found
16:45:05.320  INFO  manager.MyListener - Start find element by -->By.xpath: //button[text()='Sign Out']
16:45:05.338  INFO  manager.MyListener - The element -->By.xpath: //button[text()='Sign Out']was found
16:45:05.339  INFO  tests.TestBase - End of method -->loginTestDataProviderClass
16:45:05.339  INFO  tests.TestBase - Start method -->loginTestDataProviderClass
16:45:05.339  INFO  tests.TestBase - Test Start with Data -->[sonya@gmail.com, Ss12345$]
16:45:05.339  INFO  tests.TestBase - ==================================================================
16:45:05.339  INFO  manager.MyListener - Start find element by -->By.xpath: //button[text()='Sign Out']
16:45:05.358  INFO  manager.MyListener - The element -->By.xpath: //button[text()='Sign Out']was found
16:45:05.359  INFO  manager.MyListener - Start find element by -->By.xpath: //button[text()='Sign Out']
16:45:05.369  INFO  manager.MyListener - The element -->By.xpath: //button[text()='Sign Out']was found
16:45:05.391  INFO  manager.MyListener - Start find element by -->By.xpath: //button[text()='Sign Out']
16:45:05.400  INFO  manager.MyListener - The element -->By.xpath: //button[text()='Sign Out']was found
16:45:05.629  INFO  manager.MyListener - Start find element by -->By.xpath: //a[.='LOGIN']
16:45:05.645  INFO  manager.MyListener - The element -->By.xpath: //a[.='LOGIN']was found
16:45:05.877  INFO  manager.MyListener - Start find element by -->By.xpath: //input[1]
16:45:05.893  INFO  manager.MyListener - The element -->By.xpath: //input[1]was found
16:45:06.167  INFO  manager.MyListener - Start find element by -->By.xpath: //input[2]
16:45:06.176  INFO  manager.MyListener - The element -->By.xpath: //input[2]was found
16:45:06.444  INFO  manager.MyListener - Start find element by -->By.xpath: //button[1]
16:45:06.458  INFO  manager.MyListener - The element -->By.xpath: //button[1]was found
16:45:08.691  INFO  manager.MyListener - Start find element by -->By.xpath: //button[text()='Sign Out']
16:45:08.709  INFO  manager.MyListener - The element -->By.xpath: //button[text()='Sign Out']was found
16:45:08.710  INFO  tests.TestBase - End of method -->loginTestDataProviderClass
16:45:08.710  INFO  tests.TestBase - Start method -->loginTestDataProviderClass
16:45:08.710  INFO  tests.TestBase - Test Start with Data -->[noa@gmail.com, Nnoa12345$]
16:45:08.710  INFO  tests.TestBase - ==================================================================
16:45:08.710  INFO  manager.MyListener - Start find element by -->By.xpath: //button[text()='Sign Out']
16:45:08.725  INFO  manager.MyListener - The element -->By.xpath: //button[text()='Sign Out']was found
16:45:08.725  INFO  manager.MyListener - Start find element by -->By.xpath: //button[text()='Sign Out']
16:45:08.740  INFO  manager.MyListener - The element -->By.xpath: //button[text()='Sign Out']was found
16:45:08.760  INFO  manager.MyListener - Start find element by -->By.xpath: //button[text()='Sign Out']
16:45:08.770  INFO  manager.MyListener - The element -->By.xpath: //button[text()='Sign Out']was found
16:45:09.000  INFO  manager.MyListener - Start find element by -->By.xpath: //a[.='LOGIN']
16:45:09.015  INFO  manager.MyListener - The element -->By.xpath: //a[.='LOGIN']was found
16:45:09.248  INFO  manager.MyListener - Start find element by -->By.xpath: //input[1]
16:45:09.264  INFO  manager.MyListener - The element -->By.xpath: //input[1]was found
16:45:09.533  INFO  manager.MyListener - Start find element by -->By.xpath: //input[2]
16:45:09.546  INFO  manager.MyListener - The element -->By.xpath: //input[2]was found
16:45:09.812  INFO  manager.MyListener - Start find element by -->By.xpath: //button[1]
16:45:09.823  INFO  manager.MyListener - The element -->By.xpath: //button[1]was found
16:45:12.056  INFO  manager.MyListener - Start find element by -->By.xpath: //button[text()='Sign Out']
16:45:12.073  INFO  manager.MyListener - The element -->By.xpath: //button[text()='Sign Out']was found
16:45:12.074  INFO  tests.TestBase - End of method -->loginTestDataProviderClass
16:45:12.074  INFO  tests.TestBase - Start method -->loginTestPositiveNewContact
16:45:12.074  INFO  tests.TestBase - Test Start with Data -->[]
16:45:12.074  INFO  tests.TestBase - ==================================================================
16:45:12.075  INFO  manager.MyListener - Start find element by -->By.xpath: //button[text()='Sign Out']
16:45:12.089  INFO  manager.MyListener - The element -->By.xpath: //button[text()='Sign Out']was found
16:45:12.090  INFO  manager.MyListener - Start find element by -->By.xpath: //button[text()='Sign Out']
16:45:12.106  INFO  manager.MyListener - The element -->By.xpath: //button[text()='Sign Out']was found
16:45:12.125  INFO  manager.MyListener - Start find element by -->By.xpath: //button[text()='Sign Out']
16:45:12.135  INFO  manager.MyListener - The element -->By.xpath: //button[text()='Sign Out']was found
16:45:12.369  INFO  manager.MyListener - Start find element by -->By.xpath: //a[.='LOGIN']
16:45:12.386  INFO  manager.MyListener - The element -->By.xpath: //a[.='LOGIN']was found
16:45:12.616  INFO  manager.MyListener - Start find element by -->By.xpath: //input[@placeholder='Email']
16:45:12.633  INFO  manager.MyListener - The element -->By.xpath: //input[@placeholder='Email']was found
16:45:12.905  INFO  manager.MyListener - Start find element by -->By.xpath: //input[@placeholder='Password']
16:45:12.917  INFO  manager.MyListener - The element -->By.xpath: //input[@placeholder='Password']was found
16:45:13.184  INFO  manager.MyListener - Start find element by -->By.xpath: //button[.=' Login']
16:45:13.193  INFO  manager.MyListener - The element -->By.xpath: //button[.=' Login']was found
16:45:15.439  INFO  manager.MyListener - Start find element by -->By.xpath: //a[.='ADD']
16:45:15.456  INFO  manager.MyListener - The element -->By.xpath: //a[.='ADD']was found
16:45:15.467  INFO  tests.TestBase - End of method -->loginTestPositiveNewContact
16:45:15.467  INFO  tests.TestBase - Start method -->loginTestWithWrongPassword
16:45:15.467  INFO  tests.TestBase - Test Start with Data -->[]
16:45:15.467  INFO  tests.TestBase - ==================================================================
16:45:15.468  INFO  manager.MyListener - Start find element by -->By.xpath: //button[text()='Sign Out']
16:45:15.472  INFO  manager.MyListener - The element -->By.xpath: //button[text()='Sign Out']was found
16:45:15.473  INFO  manager.MyListener - Start find element by -->By.xpath: //button[text()='Sign Out']
16:45:15.488  INFO  manager.MyListener - The element -->By.xpath: //button[text()='Sign Out']was found
16:45:15.509  INFO  manager.MyListener - Start find element by -->By.xpath: //button[text()='Sign Out']
16:45:15.519  INFO  manager.MyListener - The element -->By.xpath: //button[text()='Sign Out']was found
16:45:15.750  INFO  manager.MyListener - Start find element by -->By.xpath: //a[.='LOGIN']
16:45:15.766  INFO  manager.MyListener - The element -->By.xpath: //a[.='LOGIN']was found
16:45:15.998  INFO  manager.MyListener - Start find element by -->By.xpath: //input[1]
16:45:16.014  INFO  manager.MyListener - The element -->By.xpath: //input[1]was found
16:45:16.286  INFO  manager.MyListener - Start find element by -->By.xpath: //input[2]
16:45:16.296  INFO  manager.MyListener - The element -->By.xpath: //input[2]was found
16:45:16.560  INFO  manager.MyListener - Start find element by -->By.xpath: //button[1]
16:45:16.572  INFO  manager.MyListener - The element -->By.xpath: //button[1]was found
16:45:16.784  INFO  manager.MyListener - Start find element by -->By.xpath: //button[text()='Sign Out']
16:45:26.810  INFO  manager.MyListener - The element -->By.xpath: //button[text()='Sign Out']was found
16:45:26.811  INFO  tests.TestBase - End of method -->loginTestWithWrongPassword
]]></system-out>
  <system-err><![CDATA[]]></system-err>
</testsuite>
